Performing C SOURCE FILE Test CMAKE_HAVE_LIBC_PTHREAD failed with the following output:
Change Dir: /home/baqu/Self-Driving-Car-Cone-Keeping-Assistance-System/build/CMakeFiles/CMakeScratch/TryCompile-kUxWZz

Run Build Command(s):/usr/bin/make -f Makefile cmTC_411e6/fast && /usr/bin/make  -f CMakeFiles/cmTC_411e6.dir/build.make CMakeFiles/cmTC_411e6.dir/build
make[1]: Entering directory '/home/baqu/Self-Driving-Car-Cone-Keeping-Assistance-System/build/CMakeFiles/CMakeScratch/TryCompile-kUxWZz'
Building C object CMakeFiles/cmTC_411e6.dir/src.c.o
/usr/bin/cc -DCMAKE_HAVE_LIBC_PTHREAD   -o CMakeFiles/cmTC_411e6.dir/src.c.o -c /home/baqu/Self-Driving-Car-Cone-Keeping-Assistance-System/build/CMakeFiles/CMakeScratch/TryCompile-kUxWZz/src.c
Linking C executable cmTC_411e6
/home/baqu/.local/lib/python3.8/site-packages/cmake/data/bin/cmake -E cmake_link_script CMakeFiles/cmTC_411e6.dir/link.txt --verbose=1
/usr/bin/cc -rdynamic CMakeFiles/cmTC_411e6.dir/src.c.o -o cmTC_411e6 
/usr/bin/ld: CMakeFiles/cmTC_411e6.dir/src.c.o: in function `main':
src.c:(.text+0x46): undefined reference to `pthread_create'
/usr/bin/ld: src.c:(.text+0x52): undefined reference to `pthread_detach'
/usr/bin/ld: src.c:(.text+0x5e): undefined reference to `pthread_cancel'
/usr/bin/ld: src.c:(.text+0x6f): undefined reference to `pthread_join'
collect2: error: ld returned 1 exit status
make[1]: *** [CMakeFiles/cmTC_411e6.dir/build.make:99: cmTC_411e6] Error 1
make[1]: Leaving directory '/home/baqu/Self-Driving-Car-Cone-Keeping-Assistance-System/build/CMakeFiles/CMakeScratch/TryCompile-kUxWZz'
make: *** [Makefile:127: cmTC_411e6/fast] Error 2


Source file was:
#include <pthread.h>

static void* test_func(void* data)
{
  return data;
}

int main(void)
{
  pthread_t thread;
  pthread_create(&thread, NULL, test_func, NULL);
  pthread_detach(thread);
  pthread_cancel(thread);
  pthread_join(thread, NULL);
  pthread_atfork(NULL, NULL, NULL);
  pthread_exit(NULL);

  return 0;
}


Determining if the function pthread_create exists in the pthreads failed with the following output:
Change Dir: /home/baqu/Self-Driving-Car-Cone-Keeping-Assistance-System/build/CMakeFiles/CMakeScratch/TryCompile-hDPyQy

Run Build Command(s):/usr/bin/make -f Makefile cmTC_c1c86/fast && /usr/bin/make  -f CMakeFiles/cmTC_c1c86.dir/build.make CMakeFiles/cmTC_c1c86.dir/build
make[1]: Entering directory '/home/baqu/Self-Driving-Car-Cone-Keeping-Assistance-System/build/CMakeFiles/CMakeScratch/TryCompile-hDPyQy'
Building C object CMakeFiles/cmTC_c1c86.dir/CheckFunctionExists.c.o
/usr/bin/cc   -DCHECK_FUNCTION_EXISTS=pthread_create -o CMakeFiles/cmTC_c1c86.dir/CheckFunctionExists.c.o -c /home/baqu/Self-Driving-Car-Cone-Keeping-Assistance-System/build/CMakeFiles/CMakeScratch/TryCompile-hDPyQy/CheckFunctionExists.c
Linking C executable cmTC_c1c86
/home/baqu/.local/lib/python3.8/site-packages/cmake/data/bin/cmake -E cmake_link_script CMakeFiles/cmTC_c1c86.dir/link.txt --verbose=1
/usr/bin/cc  -DCHECK_FUNCTION_EXISTS=pthread_create -rdynamic CMakeFiles/cmTC_c1c86.dir/CheckFunctionExists.c.o -o cmTC_c1c86  -lpthreads 
/usr/bin/ld: cannot find -lpthreads
collect2: error: ld returned 1 exit status
make[1]: *** [CMakeFiles/cmTC_c1c86.dir/build.make:99: cmTC_c1c86] Error 1
make[1]: Leaving directory '/home/baqu/Self-Driving-Car-Cone-Keeping-Assistance-System/build/CMakeFiles/CMakeScratch/TryCompile-hDPyQy'
make: *** [Makefile:127: cmTC_c1c86/fast] Error 2



